  Mersenne_Twister.c
  enlighting_searching.c
  evaluation.c
  forbidden.c
  hashing.c
  iteration.c
e:\coding\gomoku\gomoku_ver2.0\gomoku_ver2.0\iteration.c(380): warning C4244: “=”: 从“double”转换到“long”，可能丢失数据
e:\coding\gomoku\gomoku_ver2.0\gomoku_ver2.0\iteration.c(398): warning C4244: “=”: 从“double”转换到“long”，可能丢失数据
e:\coding\gomoku\gomoku_ver2.0\gomoku_ver2.0\iteration.c(427): warning C4244: “=”: 从“double”转换到“long”，可能丢失数据
e:\coding\gomoku\gomoku_ver2.0\gomoku_ver2.0\iteration.c(428): warning C4244: “=”: 从“double”转换到“long”，可能丢失数据
e:\coding\gomoku\gomoku_ver2.0\gomoku_ver2.0\iteration.c(452): warning C4244: “=”: 从“double”转换到“long”，可能丢失数据
e:\coding\gomoku\gomoku_ver2.0\gomoku_ver2.0\iteration.c(453): warning C4244: “=”: 从“double”转换到“long”，可能丢失数据
  main.c
e:\coding\gomoku\gomoku_ver2.0\gomoku_ver2.0\main.c(170): warning C4996: 'scanf': This function or variable may be unsafe. Consider using scanf_s instead. To disable deprecation, use _CRT_SECURE_NO_WARNINGS. See online help for details.
  c:\program files (x86)\windows kits\10\include\10.0.17134.0\ucrt\stdio.h(1274): note: 参见“scanf”的声明
  open_database.c
e:\coding\gomoku\gomoku_ver2.0\gomoku_ver2.0\open_database.c(23): warning C4244: “函数”: 从“time_t”转换到“unsigned int”，可能丢失数据
  pve.c
e:\coding\gomoku\gomoku_ver2.0\gomoku_ver2.0\pve.c(185): warning C4996: 'scanf': This function or variable may be unsafe. Consider using scanf_s instead. To disable deprecation, use _CRT_SECURE_NO_WARNINGS. See online help for details.
  c:\program files (x86)\windows kits\10\include\10.0.17134.0\ucrt\stdio.h(1274): note: 参见“scanf”的声明
  pvp.c
  refresh.c
  正在生成代码...
  LINK : 没有找到 E:\coding\gomoku\gomoku_ver2.0\Debug\gomoku_ver2.0.exe 或上一个增量链接没有生成它；正在执行完全链接
  gomoku_ver2.0.vcxproj -> E:\coding\gomoku\gomoku_ver2.0\Debug\gomoku_ver2.0.exe
